This is pdfTeX, Version 3.1415926-2.5-1.40.14 (MiKTeX 2.9) (preloaded format=pdflatex 2015.5.8)  25 JUN 2015 17:18
entering extended mode
**ijhcs-2014.tex
(C:\Users\PrendingerLab\Desktop\tomorrow\IJHCSICO2\ijhcs-2014.tex
LaTeX2e <2011/06/27>
Babel <v3.8m> and hyphenation patterns for english, afrikaans, ancientgreek, ar
abic, armenian, assamese, basque, bengali, bokmal, bulgarian, catalan, coptic, 
croatian, czech, danish, dutch, esperanto, estonian, farsi, finnish, french, ga
lician, german, german-x-2013-05-26, greek, gujarati, hindi, hungarian, iceland
ic, indonesian, interlingua, irish, italian, kannada, kurmanji, latin, latvian,
 lithuanian, malayalam, marathi, mongolian, mongolianlmc, monogreek, ngerman, n
german-x-2013-05-26, nynorsk, oriya, panjabi, pinyin, polish, portuguese, roman
ian, russian, sanskrit, serbian, slovak, slovenian, spanish, swedish, swissgerm
an, tamil, telugu, turkish, turkmen, ukenglish, ukrainian, uppersorbian, usengl
ishmax, welsh, loaded.
("C:\Program Files (x86)\MiKTeX 2.9\tex\latex\elsarticle\elsarticle.cls"
Document Class: elsarticle 2009/09/17, 1.2.0: Elsevier Ltd
\@bls=\dimen102
("C:\Program Files (x86)\MiKTeX 2.9\tex\latex\base\article.cls"
Document Class: article 2007/10/19 v1.4h Standard LaTeX document class
("C:\Program Files (x86)\MiKTeX 2.9\tex\latex\base\size12.clo"
File: size12.clo 2007/10/19 v1.4h Standard LaTeX file (size option)
)
\c@part=\count79
\c@section=\count80
\c@subsection=\count81
\c@subsubsection=\count82
\c@paragraph=\count83
\c@subparagraph=\count84
\c@figure=\count85
\c@table=\count86
\abovecaptionskip=\skip41
\belowcaptionskip=\skip42
\bibindent=\dimen103
)
("C:\Program Files (x86)\MiKTeX 2.9\tex\latex\graphics\graphicx.sty"
Package: graphicx 1999/02/16 v1.0f Enhanced LaTeX Graphics (DPC,SPQR)

("C:\Program Files (x86)\MiKTeX 2.9\tex\latex\graphics\keyval.sty"
Package: keyval 1999/03/16 v1.13 key=value parser (DPC)
\KV@toks@=\toks14
)
("C:\Program Files (x86)\MiKTeX 2.9\tex\latex\graphics\graphics.sty"
Package: graphics 2009/02/05 v1.0o Standard LaTeX Graphics (DPC,SPQR)

("C:\Program Files (x86)\MiKTeX 2.9\tex\latex\graphics\trig.sty"
Package: trig 1999/03/16 v1.09 sin cos tan (DPC)
)
("C:\Program Files (x86)\MiKTeX 2.9\tex\latex\00miktex\graphics.cfg"
File: graphics.cfg 2007/01/18 v1.5 graphics configuration of teTeX/TeXLive
)
Package graphics Info: Driver file: pdftex.def on input line 91.

("C:\Program Files (x86)\MiKTeX 2.9\tex\latex\pdftex-def\pdftex.def"
File: pdftex.def 2011/05/27 v0.06d Graphics/color for pdfTeX

("C:\Program Files (x86)\MiKTeX 2.9\tex\generic\oberdiek\infwarerr.sty"
Package: infwarerr 2010/04/08 v1.3 Providing info/warning/error messages (HO)
)
("C:\Program Files (x86)\MiKTeX 2.9\tex\generic\oberdiek\ltxcmds.sty"
Package: ltxcmds 2011/11/09 v1.22 LaTeX kernel commands for general use (HO)
)
\Gread@gobject=\count87
))
\Gin@req@height=\dimen104
\Gin@req@width=\dimen105
)
("C:\Program Files (x86)\MiKTeX 2.9\tex\latex\psnfss\pifont.sty"
Package: pifont 2005/04/12 PSNFSS-v9.2a Pi font support (SPQR) 
LaTeX Font Info:    Try loading font information for U+pzd on input line 63.

("C:\Program Files (x86)\MiKTeX 2.9\tex\latex\psnfss\upzd.fd"
File: upzd.fd 2001/06/04 font definitions for U/pzd.
)
LaTeX Font Info:    Try loading font information for U+psy on input line 64.

("C:\Program Files (x86)\MiKTeX 2.9\tex\latex\psnfss\upsy.fd"
File: upsy.fd 2001/06/04 font definitions for U/psy.
))
\c@tnote=\count88
\c@fnote=\count89
\c@cnote=\count90
\c@ead=\count91
\c@author=\count92
\@eadauthor=\toks15
\c@affn=\count93
\absbox=\box26
\keybox=\box27
\Columnwidth=\dimen106
\space@left=\dimen107
\els@boxa=\box28
\els@boxb=\box29
\leftMargin=\dimen108
\@enLab=\toks16
\@sep=\skip43
\@@sep=\skip44

(C:\Users\PrendingerLab\Desktop\tomorrow\IJHCSICO2\ijhcs-2014.spl)
("C:\Program Files (x86)\MiKTeX 2.9\tex\latex\natbib\natbib.sty"
Package: natbib 2010/09/13 8.31b (PWD, AO)
\bibhang=\skip45
\bibsep=\skip46
LaTeX Info: Redefining \cite on input line 694.
\c@NAT@ctr=\count94
)
\splwrite=\write3
)
("C:\Program Files (x86)\MiKTeX 2.9\tex\latex\hyperref\hyperref.sty"
Package: hyperref 2012/11/06 v6.83m Hypertext links for LaTeX

("C:\Program Files (x86)\MiKTeX 2.9\tex\generic\oberdiek\hobsub-hyperref.sty"
Package: hobsub-hyperref 2012/04/25 v1.12 Bundle oberdiek, subset hyperref (HO)


("C:\Program Files (x86)\MiKTeX 2.9\tex\generic\oberdiek\hobsub-generic.sty"
Package: hobsub-generic 2012/04/25 v1.12 Bundle oberdiek, subset generic (HO)
Package: hobsub 2012/04/25 v1.12 Construct package bundles (HO)
Package hobsub Info: Skipping package `infwarerr' (already loaded).
Package hobsub Info: Skipping package `ltxcmds' (already loaded).
Package: ifluatex 2010/03/01 v1.3 Provides the ifluatex switch (HO)
Package ifluatex Info: LuaTeX not detected.
Package: ifvtex 2010/03/01 v1.5 Detect VTeX and its facilities (HO)
Package ifvtex Info: VTeX not detected.
Package: intcalc 2007/09/27 v1.1 Expandable calculations with integers (HO)
Package: ifpdf 2011/01/30 v2.3 Provides the ifpdf switch (HO)
Package ifpdf Info: pdfTeX in PDF mode is detected.
Package: etexcmds 2011/02/16 v1.5 Avoid name clashes with e-TeX commands (HO)
Package etexcmds Info: Could not find \expanded.
(etexcmds)             That can mean that you are not using pdfTeX 1.50 or
(etexcmds)             that some package has redefined \expanded.
(etexcmds)             In the latter case, load this package earlier.
Package: kvsetkeys 2012/04/25 v1.16 Key value parser (HO)
Package: kvdefinekeys 2011/04/07 v1.3 Define keys (HO)
Package: pdftexcmds 2011/11/29 v0.20 Utility functions of pdfTeX for LuaTeX (HO
)
Package pdftexcmds Info: LuaTeX not detected.
Package pdftexcmds Info: \pdf@primitive is available.
Package pdftexcmds Info: \pdf@ifprimitive is available.
Package pdftexcmds Info: \pdfdraftmode found.
Package: pdfescape 2011/11/25 v1.13 Implements pdfTeX's escape features (HO)
Package: bigintcalc 2012/04/08 v1.3 Expandable calculations on big integers (HO
)
Package: bitset 2011/01/30 v1.1 Handle bit-vector datatype (HO)
Package: uniquecounter 2011/01/30 v1.2 Provide unlimited unique counter (HO)
)
Package hobsub Info: Skipping package `hobsub' (already loaded).
Package: letltxmacro 2010/09/02 v1.4 Let assignment for LaTeX macros (HO)
Package: hopatch 2011/06/24 v1.1 Wrapper for package hooks (HO)
Package: xcolor-patch 2011/01/30 xcolor patch
Package: atveryend 2011/06/30 v1.8 Hooks at the very end of document (HO)
Package atveryend Info: \enddocument detected (standard20110627).
Package: atbegshi 2011/10/05 v1.16 At begin shipout hook (HO)
Package: refcount 2011/10/16 v3.4 Data extraction from label references (HO)
Package: hycolor 2011/01/30 v1.7 Color options for hyperref/bookmark (HO)
)
("C:\Program Files (x86)\MiKTeX 2.9\tex\generic\ifxetex\ifxetex.sty"
Package: ifxetex 2010/09/12 v0.6 Provides ifxetex conditional
)
("C:\Program Files (x86)\MiKTeX 2.9\tex\latex\oberdiek\auxhook.sty"
Package: auxhook 2011/03/04 v1.3 Hooks for auxiliary files (HO)
)
("C:\Program Files (x86)\MiKTeX 2.9\tex\latex\oberdiek\kvoptions.sty"
Package: kvoptions 2011/06/30 v3.11 Key value format for package options (HO)
)
\@linkdim=\dimen109
\Hy@linkcounter=\count95
\Hy@pagecounter=\count96

("C:\Program Files (x86)\MiKTeX 2.9\tex\latex\hyperref\pd1enc.def"
File: pd1enc.def 2012/11/06 v6.83m Hyperref: PDFDocEncoding definition (HO)
)
\Hy@SavedSpaceFactor=\count97

("C:\Program Files (x86)\MiKTeX 2.9\tex\latex\00miktex\hyperref.cfg"
File: hyperref.cfg 2002/06/06 v1.2 hyperref configuration of TeXLive
)
Package hyperref Info: Hyper figures OFF on input line 4443.
Package hyperref Info: Link nesting OFF on input line 4448.
Package hyperref Info: Hyper index ON on input line 4451.
Package hyperref Info: Plain pages OFF on input line 4458.
Package hyperref Info: Backreferencing OFF on input line 4463.
Package hyperref Info: Implicit mode ON; LaTeX internals redefined.
Package hyperref Info: Bookmarks ON on input line 4688.
\c@Hy@tempcnt=\count98

("C:\Program Files (x86)\MiKTeX 2.9\tex\latex\url\url.sty"
\Urlmuskip=\muskip10
Package: url 2013/09/16  ver 3.4  Verb mode for urls, etc.
)
LaTeX Info: Redefining \url on input line 5041.
\XeTeXLinkMargin=\dimen110
\Fld@menulength=\count99
\Field@Width=\dimen111
\Fld@charsize=\dimen112
Package hyperref Info: Hyper figures OFF on input line 6295.
Package hyperref Info: Link nesting OFF on input line 6300.
Package hyperref Info: Hyper index ON on input line 6303.
Package hyperref Info: backreferencing OFF on input line 6310.
Package hyperref Info: Link coloring OFF on input line 6315.
Package hyperref Info: Link coloring with OCG OFF on input line 6320.
Package hyperref Info: PDF/A mode OFF on input line 6325.
LaTeX Info: Redefining \ref on input line 6365.
LaTeX Info: Redefining \pageref on input line 6369.
\Hy@abspage=\count100
\c@Item=\count101
\c@Hfootnote=\count102
)

Package hyperref Message: Driver (autodetected): hpdftex.

("C:\Program Files (x86)\MiKTeX 2.9\tex\latex\hyperref\hpdftex.def"
File: hpdftex.def 2012/11/06 v6.83m Hyperref driver for pdfTeX
\Fld@listcount=\count103
\c@bookmark@seq@number=\count104

("C:\Program Files (x86)\MiKTeX 2.9\tex\latex\oberdiek\rerunfilecheck.sty"
Package: rerunfilecheck 2011/04/15 v1.7 Rerun checks for auxiliary files (HO)
Package uniquecounter Info: New unique counter `rerunfilecheck' on input line 2
82.
)
\Hy@SectionHShift=\skip47
)
("C:\Program Files (x86)\MiKTeX 2.9\tex\latex\amsfonts\amssymb.sty"
Package: amssymb 2013/01/14 v3.01 AMS font symbols

("C:\Program Files (x86)\MiKTeX 2.9\tex\latex\amsfonts\amsfonts.sty"
Package: amsfonts 2013/01/14 v3.01 Basic AMSFonts support
\@emptytoks=\toks17
\symAMSa=\mathgroup4
\symAMSb=\mathgroup5
LaTeX Font Info:    Overwriting math alphabet `\mathfrak' in version `bold'
(Font)                  U/euf/m/n --> U/euf/b/n on input line 106.
))
("C:\Program Files (x86)\MiKTeX 2.9\tex\latex\pslatex\pslatex.sty"
Package: pslatex 1996/07/24 v1.2 pslatex emulation (DPC)
LaTeX Font Info:    Redeclaring symbol font `operators' on input line 65.
LaTeX Font Info:    Overwriting symbol font `operators' in version `normal'
(Font)                  OT1/cmr/m/n --> OT1/ptmcm/m/n on input line 65.
LaTeX Font Info:    Overwriting symbol font `operators' in version `bold'
(Font)                  OT1/cmr/bx/n --> OT1/ptmcm/m/n on input line 65.
LaTeX Font Info:    Redeclaring symbol font `letters' on input line 66.
LaTeX Font Info:    Overwriting symbol font `letters' in version `normal'
(Font)                  OML/cmm/m/it --> OML/ptmcm/m/it on input line 66.
LaTeX Font Info:    Overwriting symbol font `letters' in version `bold'
(Font)                  OML/cmm/b/it --> OML/ptmcm/m/it on input line 66.
LaTeX Font Info:    Redeclaring symbol font `symbols' on input line 67.
LaTeX Font Info:    Overwriting symbol font `symbols' in version `normal'
(Font)                  OMS/cmsy/m/n --> OMS/pzccm/m/n on input line 67.
LaTeX Font Info:    Overwriting symbol font `symbols' in version `bold'
(Font)                  OMS/cmsy/b/n --> OMS/pzccm/m/n on input line 67.
LaTeX Font Info:    Redeclaring symbol font `largesymbols' on input line 68.
LaTeX Font Info:    Overwriting symbol font `largesymbols' in version `normal'
(Font)                  OMX/cmex/m/n --> OMX/psycm/m/n on input line 68.
LaTeX Font Info:    Overwriting symbol font `largesymbols' in version `bold'
(Font)                  OMX/cmex/m/n --> OMX/psycm/m/n on input line 68.
\symbold=\mathgroup6
\symitalic=\mathgroup7
LaTeX Font Info:    Redeclaring math alphabet \mathbf on input line 74.
LaTeX Font Info:    Overwriting math alphabet `\mathbf' in version `normal'
(Font)                  OT1/cmr/bx/n --> OT1/ptm/bx/n on input line 74.
LaTeX Font Info:    Overwriting math alphabet `\mathbf' in version `bold'
(Font)                  OT1/cmr/bx/n --> OT1/ptm/bx/n on input line 74.
LaTeX Font Info:    Redeclaring math alphabet \mathit on input line 75.
LaTeX Font Info:    Overwriting math alphabet `\mathit' in version `normal'
(Font)                  OT1/cmr/m/it --> OT1/ptm/m/it on input line 75.
LaTeX Font Info:    Overwriting math alphabet `\mathit' in version `bold'
(Font)                  OT1/cmr/bx/it --> OT1/ptm/m/it on input line 75.
)
("C:\Program Files (x86)\MiKTeX 2.9\tex\latex\cjk\ruby.sty"
Package: ruby 2015/04/18 4.8.4

("C:\Program Files (x86)\MiKTeX 2.9\tex\latex\cjk\CJK.sty"
Package: CJK 2015/04/18 4.8.4

("C:\Program Files (x86)\MiKTeX 2.9\tex\latex\cjk\mule\MULEenc.sty"
Package: MULEenc 2015/04/18 4.8.4
)
("C:\Program Files (x86)\MiKTeX 2.9\tex\latex\cjk\CJK.enc"
File: CJK.enc 2015/04/18 4.8.4
)
LaTeX Info: Redefining \selectfont on input line 755.
\CJK@indent=\box30
)
\ruby@width=\dimen113
)
("C:\Program Files (x86)\MiKTeX 2.9\tex\latex\linguex\linguex.sty"
Package: linguex 2013/05/28 Example formatting for linguistics v. 4.3

("C:\Program Files (x86)\MiKTeX 2.9\tex\latex\tools\xspace.sty"
Package: xspace 2009/10/20 v1.13 Space after command names (DPC,MH)
)
("C:\Program Files (x86)\MiKTeX 2.9\tex\latex\gb4e\cgloss4e.sty"
\lineone=\box31
\linetwo=\box32
\linethree=\box33
\wordone=\box34
\wordtwo=\box35
\wordthree=\box36
\gline=\box37
\glossglue=\skip48
)
\c@ExNo=\count105
\c@SubExNo=\count106
\c@SubSubExNo=\count107
\c@FnExNo=\count108
\c@ABC=\count109
\currentlabel=\skip49
\lessthanten=\skip50
\lessthanhundred=\skip51
\lessthanthousand=\skip52
\@Exleftmargin=\skip53
\Exlabelwidth=\skip54
\Extopsep=\skip55
\Exindent=\skip56
\SubExleftmargin=\skip57
\SubSubExleftmargin=\skip58
\Exlabelsep=\skip59
\alignSubExnegindent=\skip60
\Exredux=\skip61
\digitwidth=\skip62
\mindigitwidth=\skip63
\c@ExDepth=\count110
\c@TempExDepth=\count111
\CollectTokens=\toks18
LaTeX Info: Redefining \b on input line 307.
LaTeX Info: Redefining \c on input line 311.
LaTeX Info: Redefining \d on input line 313.
\c@tmpaEx=\count112
)
("C:\Program Files (x86)\MiKTeX 2.9\tex\latex\multirow\multirow.sty"
\bigstrutjot=\dimen114
)
("C:\Program Files (x86)\MiKTeX 2.9\tex\latex\subfigure\subfigure.sty"
Package: subfigure 2002/07/30 v2.1.4 subfigure package
\subfigtopskip=\skip64
\subfigcapskip=\skip65
\subfigcaptopadj=\dimen115
\subfigbottomskip=\skip66
\subfigcapmargin=\dimen116
\subfiglabelskip=\skip67
\c@subfigure=\count113
\c@lofdepth=\count114
\c@subtable=\count115
\c@lotdepth=\count116

****************************************
* Local config file subfigure.cfg used *
****************************************
("C:\Program Files (x86)\MiKTeX 2.9\tex\latex\subfigure\subfigure.cfg")
\subfig@top=\skip68
\subfig@bottom=\skip69
)
("C:\Program Files (x86)\MiKTeX 2.9\tex\latex\paralist\paralist.sty"
Package: paralist 2013/06/09 v2.4 Extended list environments
\pltopsep=\skip70
\plpartopsep=\skip71
\plitemsep=\skip72
\plparsep=\skip73
\pl@lab=\toks19
)
("C:\Program Files (x86)\MiKTeX 2.9\tex\latex\graphics\color.sty"
Package: color 2005/11/14 v1.0j Standard LaTeX Color (DPC)

("C:\Program Files (x86)\MiKTeX 2.9\tex\latex\00miktex\color.cfg"
File: color.cfg 2007/01/18 v1.5 color configuration of teTeX/TeXLive
)
Package color Info: Driver file: pdftex.def on input line 130.
)
("C:\Program Files (x86)\MiKTeX 2.9\tex\latex\soul\soul.sty"
Package: soul 2003/11/17 v2.4 letterspacing/underlining (mf)
\SOUL@word=\toks20
\SOUL@lasttoken=\toks21
\SOUL@cmds=\toks22
\SOUL@buffer=\toks23
\SOUL@token=\toks24
\SOUL@spaceskip=\skip74
\SOUL@ttwidth=\dimen117
\SOUL@uldp=\dimen118
\SOUL@ulht=\dimen119
)
(C:\Users\PrendingerLab\Desktop\tomorrow\IJHCSICO2\ijhcs-2014.aux)
LaTeX Font Info:    Checking defaults for OML/cmm/m/it on input line 55.
LaTeX Font Info:    ... okay on input line 55.
LaTeX Font Info:    Checking defaults for T1/cmr/m/n on input line 55.
LaTeX Font Info:    ... okay on input line 55.
LaTeX Font Info:    Checking defaults for OT1/cmr/m/n on input line 55.
LaTeX Font Info:    ... okay on input line 55.
LaTeX Font Info:    Checking defaults for OMS/pzccm/m/n on input line 55.
LaTeX Font Info:    Try loading font information for OMS+pzccm on input line 55
.

("C:\Program Files (x86)\MiKTeX 2.9\tex\latex\psnfss\omspzccm.fd"
File: omspzccm.fd 2000/01/03 Fontinst v1.801 font definitions for OMS/pzccm.
)
LaTeX Font Info:    ... okay on input line 55.
LaTeX Font Info:    Checking defaults for OMX/cmex/m/n on input line 55.
LaTeX Font Info:    ... okay on input line 55.
LaTeX Font Info:    Checking defaults for U/cmr/m/n on input line 55.
LaTeX Font Info:    ... okay on input line 55.
LaTeX Font Info:    Checking defaults for PD1/pdf/m/n on input line 55.
LaTeX Font Info:    ... okay on input line 55.
LaTeX Font Info:    Checking defaults for C00/song/m/n on input line 55.
LaTeX Font Info:    ... okay on input line 55.
LaTeX Font Info:    Checking defaults for C05/song/m/n on input line 55.
LaTeX Font Info:    ... okay on input line 55.
LaTeX Font Info:    Checking defaults for C09/song/m/n on input line 55.
LaTeX Font Info:    ... okay on input line 55.
LaTeX Font Info:    Checking defaults for C10/song/m/n on input line 55.
LaTeX Font Info:    ... okay on input line 55.
LaTeX Font Info:    Checking defaults for C20/song/m/n on input line 55.
LaTeX Font Info:    ... okay on input line 55.
LaTeX Font Info:    Checking defaults for C19/song/m/n on input line 55.
LaTeX Font Info:    ... okay on input line 55.
LaTeX Font Info:    Checking defaults for C40/song/m/n on input line 55.
LaTeX Font Info:    ... okay on input line 55.
LaTeX Font Info:    Checking defaults for C42/song/m/n on input line 55.
LaTeX Font Info:    ... okay on input line 55.
LaTeX Font Info:    Checking defaults for C43/song/m/n on input line 55.
LaTeX Font Info:    ... okay on input line 55.
LaTeX Font Info:    Checking defaults for C50/song/m/n on input line 55.
LaTeX Font Info:    ... okay on input line 55.
LaTeX Font Info:    Checking defaults for C52/song/m/n on input line 55.
LaTeX Font Info:    ... okay on input line 55.
LaTeX Font Info:    Checking defaults for C49/song/m/n on input line 55.
LaTeX Font Info:    ... okay on input line 55.
LaTeX Font Info:    Checking defaults for C60/mj/m/n on input line 55.
LaTeX Font Info:    ... okay on input line 55.
LaTeX Font Info:    Checking defaults for C61/mj/m/n on input line 55.
LaTeX Font Info:    ... okay on input line 55.
LaTeX Font Info:    Checking defaults for C63/mj/m/n on input line 55.
LaTeX Font Info:    ... okay on input line 55.
LaTeX Font Info:    Checking defaults for C64/mj/m/n on input line 55.
LaTeX Font Info:    ... okay on input line 55.
LaTeX Font Info:    Checking defaults for C65/mj/m/n on input line 55.
LaTeX Font Info:    ... okay on input line 55.
LaTeX Font Info:    Checking defaults for C70/song/m/n on input line 55.
LaTeX Font Info:    ... okay on input line 55.
LaTeX Font Info:    Checking defaults for C31/song/m/n on input line 55.
LaTeX Font Info:    ... okay on input line 55.
LaTeX Font Info:    Checking defaults for C32/song/m/n on input line 55.
LaTeX Font Info:    ... okay on input line 55.
LaTeX Font Info:    Checking defaults for C33/song/m/n on input line 55.
LaTeX Font Info:    ... okay on input line 55.
LaTeX Font Info:    Checking defaults for C34/song/m/n on input line 55.
LaTeX Font Info:    ... okay on input line 55.
LaTeX Font Info:    Checking defaults for C35/song/m/n on input line 55.
LaTeX Font Info:    ... okay on input line 55.
LaTeX Font Info:    Checking defaults for C36/song/m/n on input line 55.
LaTeX Font Info:    ... okay on input line 55.
LaTeX Font Info:    Checking defaults for C37/song/m/n on input line 55.
LaTeX Font Info:    ... okay on input line 55.
LaTeX Font Info:    Checking defaults for C80/song/m/n on input line 55.
LaTeX Font Info:    ... okay on input line 55.
LaTeX Font Info:    Checking defaults for C81/song/m/n on input line 55.
LaTeX Font Info:    ... okay on input line 55.
LaTeX Font Info:    Checking defaults for C01/song/m/n on input line 55.
LaTeX Font Info:    ... okay on input line 55.
LaTeX Font Info:    Checking defaults for C11/song/m/n on input line 55.
LaTeX Font Info:    ... okay on input line 55.
LaTeX Font Info:    Checking defaults for C21/song/m/n on input line 55.
LaTeX Font Info:    ... okay on input line 55.
LaTeX Font Info:    Checking defaults for C41/song/m/n on input line 55.
LaTeX Font Info:    ... okay on input line 55.
LaTeX Font Info:    Checking defaults for C62/song/m/n on input line 55.
LaTeX Font Info:    ... okay on input line 55.

("C:\Program Files (x86)\MiKTeX 2.9\tex\context\base\supp-pdf.mkii"
[Loading MPS to PDF converter (version 2006.09.02).]
\scratchcounter=\count117
\scratchdimen=\dimen120
\scratchbox=\box38
\nofMPsegments=\count118
\nofMParguments=\count119
\everyMPshowfont=\toks25
\MPscratchCnt=\count120
\MPscratchDim=\dimen121
\MPnumerator=\count121
\makeMPintoPDFobject=\count122
\everyMPtoPDFconversion=\toks26
)
\AtBeginShipoutBox=\box39
Package hyperref Info: Link coloring OFF on input line 55.
 ("C:\Program Files (x86)\MiKTeX 2.9\tex\latex\hyperref\nameref.sty"
Package: nameref 2012/10/27 v2.43 Cross-referencing by name of section

("C:\Program Files (x86)\MiKTeX 2.9\tex\generic\oberdiek\gettitlestring.sty"
Package: gettitlestring 2010/12/03 v1.4 Cleanup title references (HO)
)
\c@section@level=\count123
)
LaTeX Info: Redefining \ref on input line 55.
LaTeX Info: Redefining \pageref on input line 55.
LaTeX Info: Redefining \nameref on input line 55.

(C:\Users\PrendingerLab\Desktop\tomorrow\IJHCSICO2\ijhcs-2014.out)
(C:\Users\PrendingerLab\Desktop\tomorrow\IJHCSICO2\ijhcs-2014.out)
\@outlinefile=\write4
LaTeX Font Info:    Font shape `OT1/ptm/bx/n' in size <12> not available
(Font)              Font shape `OT1/ptm/b/n' tried instead on input line 84.
LaTeX Font Info:    Try loading font information for OT1+ptmcm on input line 85
.

("C:\Program Files (x86)\MiKTeX 2.9\tex\latex\psnfss\ot1ptmcm.fd"
File: ot1ptmcm.fd 2000/01/03 Fontinst v1.801 font definitions for OT1/ptmcm.
)
LaTeX Font Info:    Try loading font information for OML+ptmcm on input line 85
.

("C:\Program Files (x86)\MiKTeX 2.9\tex\latex\psnfss\omlptmcm.fd"
File: omlptmcm.fd 2000/01/03 Fontinst v1.801 font definitions for OML/ptmcm.
)
LaTeX Font Info:    Try loading font information for OMX+psycm on input line 85
.

("C:\Program Files (x86)\MiKTeX 2.9\tex\latex\psnfss\omxpsycm.fd"
File: omxpsycm.fd 2000/01/03 Fontinst v1.801 font definitions for OMX/psycm.
)
LaTeX Font Info:    Try loading font information for U+msa on input line 85.

("C:\Program Files (x86)\MiKTeX 2.9\tex\latex\amsfonts\umsa.fd"
File: umsa.fd 2013/01/14 v3.01 AMS symbols A
)
LaTeX Font Info:    Try loading font information for U+msb on input line 85.

("C:\Program Files (x86)\MiKTeX 2.9\tex\latex\amsfonts\umsb.fd"
File: umsb.fd 2013/01/14 v3.01 AMS symbols B
)
LaTeX Font Info:    Font shape `OT1/ptm/bx/n' in size <9> not available
(Font)              Font shape `OT1/ptm/b/n' tried instead on input line 85.
LaTeX Font Info:    Font shape `OT1/ptm/bx/n' in size <7> not available
(Font)              Font shape `OT1/ptm/b/n' tried instead on input line 85.
LaTeX Font Info:    Font shape `OT1/ptm/bx/n' in size <17.28> not available
(Font)              Font shape `OT1/ptm/b/n' tried instead on input line 92.
LaTeX Font Info:    Font shape `OT1/ptm/bx/n' in size <10> not available
(Font)              Font shape `OT1/ptm/b/n' tried instead on input line 92.
LaTeX Font Info:    Font shape `OT1/ptm/bx/n' in size <7.4> not available
(Font)              Font shape `OT1/ptm/b/n' tried instead on input line 92.
LaTeX Font Info:    Font shape `OT1/ptm/bx/n' in size <6> not available
(Font)              Font shape `OT1/ptm/b/n' tried instead on input line 92.


LaTeX Warning: there is no bold Symbol font on input line 97.

[1


{C:/ProgramData/MiKTeX/2.9/pdftex/config/pdftex.map}] [2] [3] [4] [5]
[6] [7]

Package hyperref Warning: Token not allowed in a PDF string (PDFDocEncoding):
(hyperref)                removing `math shift' on input line 251.


Package hyperref Warning: Token not allowed in a PDF string (PDFDocEncoding):
(hyperref)                removing `subscript' on input line 251.


Package hyperref Warning: Token not allowed in a PDF string (PDFDocEncoding):
(hyperref)                removing `math shift' on input line 251.

[8] <ijhcs14-img/iCO2_driving.png, id=308, 1253.28226pt x 786.5385pt>
File: ijhcs14-img/iCO2_driving.png Graphic file (type png)

<use ijhcs14-img/iCO2_driving.png>
Package pdftex.def Info: ijhcs14-img/iCO2_driving.png used on input line 261.
(pdftex.def)             Requested size: 418.96547pt x 262.93095pt.
 [9] [10 <C:/Users/PrendingerLab/Desktop/tomorrow/IJHCSICO2/ijhcs14-img/iCO2_dr
iving.png>]
<ijhcs14-img/iCO2_garage.png, id=323, 858.20625pt x 534.19576pt>
File: ijhcs14-img/iCO2_garage.png Graphic file (type png)

<use ijhcs14-img/iCO2_garage.png>
Package pdftex.def Info: ijhcs14-img/iCO2_garage.png used on input line 283.
(pdftex.def)             Requested size: 352.8155pt x 219.60857pt.

<ijhcs14-img/iCO2_navigator.png, id=326, 1253.28226pt x 782.925pt>
File: ijhcs14-img/iCO2_navigator.png Graphic file (type png)

<use ijhcs14-img/iCO2_navigator.png>
Package pdftex.def Info: ijhcs14-img/iCO2_navigator.png used on input line 296.

(pdftex.def)             Requested size: 418.96547pt x 261.723pt.
 [11 <C:/Users/PrendingerLab/Desktop/tomorrow/IJHCSICO2/ijhcs14-img/iCO2_garage
.png>] [12 <C:/Users/PrendingerLab/Desktop/tomorrow/IJHCSICO2/ijhcs14-img/iCO2_
navigator.png>]
<ijhcs14-img/iCO2_generalarchitecture.png, id=344, 469.2732pt x 302.0886pt>
File: ijhcs14-img/iCO2_generalarchitecture.png Graphic file (type png)

<use ijhcs14-img/iCO2_generalarchitecture.png>
Package pdftex.def Info: ijhcs14-img/iCO2_generalarchitecture.png used on input
 line 317.
(pdftex.def)             Requested size: 264.61331pt x 170.34848pt.


LaTeX Warning: Reference `T:drivingdata' on page 13 undefined on input line 330
.

[13] [14 <C:/Users/PrendingerLab/Desktop/tomorrow/IJHCSICO2/ijhcs14-img/iCO2_ge
neralarchitecture.png>]

Package hyperref Warning: Token not allowed in a PDF string (PDFDocEncoding):
(hyperref)                removing `math shift' on input line 357.


Package hyperref Warning: Token not allowed in a PDF string (PDFDocEncoding):
(hyperref)                removing `subscript' on input line 357.


Package hyperref Warning: Token not allowed in a PDF string (PDFDocEncoding):
(hyperref)                removing `math shift' on input line 357.

[15] <ijhcs14-img/engagement.png, id=393, 626.34pt x 231.86626pt>
File: ijhcs14-img/engagement.png Graphic file (type png)

<use ijhcs14-img/engagement.png>
Package pdftex.def Info: ijhcs14-img/engagement.png used on input line 385.
(pdftex.def)             Requested size: 418.96547pt x 155.10191pt.

<ijhcs14-img/completion.png, id=394, 619.113pt x 196.93575pt>
File: ijhcs14-img/completion.png Graphic file (type png)

<use ijhcs14-img/completion.png>
Package pdftex.def Info: ijhcs14-img/completion.png used on input line 392.
(pdftex.def)             Requested size: 418.96547pt x 133.27144pt.

<ijhcs14-img/4diagrams2.png, id=395, 591.4095pt x 346.896pt>
File: ijhcs14-img/4diagrams2.png Graphic file (type png)

<use ijhcs14-img/4diagrams2.png>
Package pdftex.def Info: ijhcs14-img/4diagrams2.png used on input line 400.
(pdftex.def)             Requested size: 418.96547pt x 245.74738pt.

<ijhcs14-img/time.png, id=396, 414.348pt x 235.47975pt>
File: ijhcs14-img/time.png Graphic file (type png)

<use ijhcs14-img/time.png>
Package pdftex.def Info: ijhcs14-img/time.png used on input line 407.
(pdftex.def)             Requested size: 352.8155pt x 200.51085pt.
 [16 <C:/Users/PrendingerLab/Desktop/tomorrow/IJHCSICO2/ijhcs14-img/engagement.
png> <C:/Users/PrendingerLab/Desktop/tomorrow/IJHCSICO2/ijhcs14-img/completion.
png>] [17 <C:/Users/PrendingerLab/Desktop/tomorrow/IJHCSICO2/ijhcs14-img/4diagr
ams2.png>] [18 <C:/Users/PrendingerLab/Desktop/tomorrow/IJHCSICO2/ijhcs14-img/t
ime.png>]
<ijhcs14-img/kmeansclustering.png, id=434, 541.27219pt x 303.38344pt>
File: ijhcs14-img/kmeansclustering.png Graphic file (type png)

<use ijhcs14-img/kmeansclustering.png>
Package pdftex.def Info: ijhcs14-img/kmeansclustering.png used on input line 48
0.
(pdftex.def)             Requested size: 441.01772pt x 247.19745pt.
 [19]

LaTeX Warning: `!h' float specifier changed to `!ht'.

[20 <C:/Users/PrendingerLab/Desktop/tomorrow/IJHCSICO2/ijhcs14-img/kmeanscluste
ring.png (PNG copy)>] [21]
Missing character: There is no ‚ in font ptmr7t!
Missing character: There is no Ä in font ptmr7t!
Missing character: There is no ‚ in font ptmr7t!
Missing character: There is no Ä in font ptmr7t!
Missing character: There is no Ä in font ptmr7t!
Missing character: There is no ú in font ptmr7t!
Missing character: There is no Ä in font ptmr7t!
Missing character: There is no ú in font ptmr7t!
Missing character: There is no ú in font ptmr7t!
Missing character: There is no ú in font ptmr7t!
Missing character: There is no ‚ in font ptmr7t!
Missing character: There is no Ä in font ptmr7t!
Missing character: There is no ú in font ptmr7t!
Missing character: There is no ‚ in font ptmr7t!
Missing character: There is no ‚ in font ptmr7t!
Missing character: There is no ‚ in font ptmr7t!
Missing character: There is no Ä in font ptmr7t!
Missing character: There is no ‚ in font ptmr7t!
Missing character: There is no Ä in font ptmr7t!
Missing character: There is no Ä in font ptmr7t!
Missing character: There is no ù in font ptmr7t!
Missing character: There is no Ä in font ptmr7t!
Missing character: There is no ù in font ptmr7t!
Missing character: There is no ù in font ptmr7t!
Missing character: There is no ù in font ptmr7t!
Missing character: There is no ‚ in font ptmr7t!
Missing character: There is no Ä in font ptmr7t!
Missing character: There is no ù in font ptmr7t!
Missing character: There is no ‚ in font ptmr7t!
Missing character: There is no Ä in font ptmr7t!
Missing character: There is no ‚ in font ptmr7t!
Missing character: There is no Ä in font ptmr7t!
Missing character: There is no Ä in font ptmr7t!
Missing character: There is no ú in font ptmr7t!
Missing character: There is no Ä in font ptmr7t!
Missing character: There is no ú in font ptmr7t!
Missing character: There is no ú in font ptmr7t!
Missing character: There is no ú in font ptmr7t!
Missing character: There is no ‚ in font ptmr7t!
Missing character: There is no Ä in font ptmr7t!
Missing character: There is no ú in font ptmr7t!
 [22]

LaTeX Warning: `!h' float specifier changed to `!ht'.

[23]
<ijhcs14-img/cluster_activities_driver_types.png, id=475, 502.87875pt x 268.754
06pt>
File: ijhcs14-img/cluster_activities_driver_types.png Graphic file (type png)
 <use ijhcs14-img/cluster_activities_driver_types.png>
Package pdftex.def Info: ijhcs14-img/cluster_activities_driver_types.png used o
n input line 645.
(pdftex.def)             Requested size: 352.8155pt x 188.55304pt.
 [24]
<ijhcs14-img/Evolution.pdf, id=482, 505.89pt x 361.35pt>
File: ijhcs14-img/Evolution.pdf Graphic file (type pdf)

<use ijhcs14-img/Evolution.pdf>
Package pdftex.def Info: ijhcs14-img/Evolution.pdf used on input line 662.
(pdftex.def)             Requested size: 569.10603pt x 512.20398pt.

Overfull \hbox (128.08832pt too wide) in paragraph at lines 662--664
 [][] 
 []

LaTeX Font Info:    Try loading font information for OML+ptm on input line 668.

("C:\Program Files (x86)\MiKTeX 2.9\tex\latex\psnfss\omlptm.fd"
File: omlptm.fd 
)
LaTeX Font Info:    Font shape `OML/ptm/m/n' in size <12> not available
(Font)              Font shape `OML/cmm/m/it' tried instead on input line 668.
 [25 <C:/Users/PrendingerLab/Desktop/tomorrow/IJHCSICO2/ijhcs14-img/cluster_act
ivities_driver_types.png (PNG copy)>]

LaTeX Warning: Text page 26 contains only floats.


Overfull \vbox (5.95552pt too high) has occurred while \output is active []


[26 <C:/Users/PrendingerLab/Desktop/tomorrow/IJHCSICO2/ijhcs14-img/Evolution.pd
f>] [27]
Overfull \hbox (11.29999pt too wide) in paragraph at lines 684--685
[]\OT1/ptm/m/n/12 We have de-scribed our newest ver-sion of iCO$[]$ that ex-ten
ds the pre-vi-ous ver-sion ([]Prendinger
 []

[28]
Missing character: There is no ‚ in font ptmr7t!
Missing character: There is no Ä in font ptmr7t!
Missing character: There is no ô in font ptmr7t!
Missing character: There is no √ in font ptmr7t!
Missing character: There is no ß in font ptmr7t!
Missing character: There is no √ in font ptmr7t!
Missing character: There is no £ in font ptmr7t!
Missing character: There is no √ in font ptmr7t!
 (C:\Users\PrendingerLab\Desktop\tomorrow\IJHCSICO2\ijhcs-2014.bbl [29]
Underfull \hbox (badness 10000) in paragraph at lines 50--53
\OT1/ptm/m/n/12 URL []$\OT1/pcr/m/n/12 http : / / www . spevents . co . uk / ou
r -[] events / event -[] selector / exhibition _$
 []


Underfull \hbox (badness 10000) in paragraph at lines 65--67
\OT1/ptm/m/n/12 URL []$\OT1/pcr/m/n/12 http : / / www . fiat . com / com / Publ
ishingImages / ecodrive -[] site / en /$
 []

[30] [31]
Underfull \hbox (badness 10000) in paragraph at lines 134--136
\OT1/ptm/m/n/12 URL []$\OT1/pcr/m/n/12 http : / / www . digitalbuzzblog . com /
 infographic -[] 2013 -[] mobile -[] growth -[]$
 []

[32]
Underfull \hbox (badness 10000) in paragraph at lines 187--190
\OT1/ptm/m/n/12 URL []$\OT1/pcr/m/n/12 https : / / itunes . apple . com / gb / 
app / truck -[] fuel -[] eco -[] driving /$
 []

[33]) <ijhcs14-img/playsessions_europe.png, id=561, 858.20625pt x 546.04pt>
File: ijhcs14-img/playsessions_europe.png Graphic file (type png)

<use ijhcs14-img/playsessions_europe.png>
Package pdftex.def Info: ijhcs14-img/playsessions_europe.png used on input line
 875.
(pdftex.def)             Requested size: 352.8155pt x 224.47774pt.

<ijhcs14-img/playsessions_asia.png, id=562, 858.20625pt x 546.04pt>
File: ijhcs14-img/playsessions_asia.png Graphic file (type png)

<use ijhcs14-img/playsessions_asia.png>
Package pdftex.def Info: ijhcs14-img/playsessions_asia.png used on input line 8
82.
(pdftex.def)             Requested size: 352.8155pt x 224.47774pt.

<ijhcs14-img/playsessions_america.png, id=563, 858.20625pt x 546.04pt>
File: ijhcs14-img/playsessions_america.png Graphic file (type png)

<use ijhcs14-img/playsessions_america.png>
Package pdftex.def Info: ijhcs14-img/playsessions_america.png used on input lin
e 889.
(pdftex.def)             Requested size: 352.8155pt x 224.47774pt.
Package atveryend Info: Empty hook `BeforeClearDocument' on input line 948.
 [34 <C:/Users/PrendingerLab/Desktop/tomorrow/IJHCSICO2/ijhcs14-img/playsession
s_europe.png>] [35 <C:/Users/PrendingerLab/Desktop/tomorrow/IJHCSICO2/ijhcs14-i
mg/playsessions_asia.png> <C:/Users/PrendingerLab/Desktop/tomorrow/IJHCSICO2/ij
hcs14-img/playsessions_america.png>]
Package atveryend Info: Empty hook `AfterLastShipout' on input line 948.

(C:\Users\PrendingerLab\Desktop\tomorrow\IJHCSICO2\ijhcs-2014.aux)
Package atveryend Info: Executing hook `AtVeryEndDocument' on input line 948.
Package atveryend Info: Executing hook `AtEndAfterFileList' on input line 948.
Package rerunfilecheck Info: File `ijhcs-2014.out' has not changed.
(rerunfilecheck)             Checksum: AFFFAFFD60106E21F68A21A405295557;1564.


LaTeX Warning: There were undefined references.

Package atveryend Info: Empty hook `AtVeryVeryEnd' on input line 948.
 ) 
Here is how much of TeX's memory you used:
 8169 strings out of 493921
 114875 string characters out of 3144853
 257521 words of memory out of 3000000
 11149 multiletter control sequences out of 15000+200000
 49658 words of font info for 112 fonts, out of 3000000 for 9000
 841 hyphenation exceptions out of 8191
 34i,10n,34p,1603b,620s stack positions out of 5000i,500n,10000p,200000b,50000s
{C:/Program Files (x86)/MiKTeX 2.9/fonts/enc/dvips/fontname/8r.enc}<C:/Progra
m Files (x86)/MiKTeX 2.9/fonts/type1/public/amsfonts/cm/cmmi10.pfb><C:/Program 
Files (x86)/MiKTeX 2.9/fonts/type1/public/amsfonts/cm/cmmi12.pfb><C:/Program Fi
les (x86)/MiKTeX 2.9/fonts/type1/public/amsfonts/cm/cmr10.pfb><C:/Program Files
 (x86)/MiKTeX 2.9/fonts/type1/public/amsfonts/cm/cmsy10.pfb><C:/Program Files (
x86)/MiKTeX 2.9/fonts/type1/urw/courier/ucrr8a.pfb><C:/Program Files (x86)/MiKT
eX 2.9/fonts/type1/urw/symbol/usyr.pfb><C:/Program Files (x86)/MiKTeX 2.9/fonts
/type1/urw/times/utmb8a.pfb><C:/Program Files (x86)/MiKTeX 2.9/fonts/type1/urw/
times/utmr8a.pfb><C:/Program Files (x86)/MiKTeX 2.9/fonts/type1/urw/times/utmri
8a.pfb>
Output written on ijhcs-2014.pdf (35 pages, 5350281 bytes).
PDF statistics:
 639 PDF objects out of 1000 (max. 8388607)
 152 named destinations out of 1000 (max. 500000)
 255 words of extra memory for PDF output out of 10000 (max. 10000000)

