\BOOKMARK [1][-]{section.1}{Introduction and Motivation}{}% 1
\BOOKMARK [1][-]{section.2}{Related Work}{}% 2
\BOOKMARK [2][-]{subsection.2.1}{Eco-driving Games and Training Applications}{section.2}% 3
\BOOKMARK [2][-]{subsection.2.2}{Crowdsourcing and Games with a Purpose}{section.2}% 4
\BOOKMARK [3][-]{subsubsection.2.2.1}{Crowdsourcing}{subsection.2.2}% 5
\BOOKMARK [3][-]{subsubsection.2.2.2}{Games with a Purpose}{subsection.2.2}% 6
\BOOKMARK [3][-]{subsubsection.2.2.3}{Comparison of previous Games with a Purpose to iCO2}{subsection.2.2}% 7
\BOOKMARK [1][-]{section.3}{The iCO2 Data Collection Platform}{}% 8
\BOOKMARK [2][-]{subsection.3.1}{Feedback on Eco-driving Mechanisms}{section.3}% 9
\BOOKMARK [2][-]{subsection.3.2}{Quests}{section.3}% 10
\BOOKMARK [2][-]{subsection.3.3}{Garage}{section.3}% 11
\BOOKMARK [2][-]{subsection.3.4}{Navigator}{section.3}% 12
\BOOKMARK [2][-]{subsection.3.5}{Implementation}{section.3}% 13
\BOOKMARK [1][-]{section.4}{A Campaign with the iCO2 Simulation Platform}{}% 14
\BOOKMARK [2][-]{subsection.4.1}{Implementing the Campaign}{section.4}% 15
\BOOKMARK [2][-]{subsection.4.2}{Usage Statistics}{section.4}% 16
\BOOKMARK [1][-]{section.5}{Results}{}% 17
\BOOKMARK [2][-]{subsection.5.1}{Measurement of Eco-friendliness of Driving Behavior}{section.5}% 18
\BOOKMARK [2][-]{subsection.5.2}{Types of Drivers}{section.5}% 19
\BOOKMARK [2][-]{subsection.5.3}{Types of Players}{section.5}% 20
\BOOKMARK [2][-]{subsection.5.4}{Analysis of Users' Eco-Driving Evolution}{section.5}% 21
\BOOKMARK [1][-]{section.6}{Conclusions}{}% 22
\BOOKMARK [1][-]{section.7}{Acknowledgments}{}% 23
\BOOKMARK [1][-]{appendix.A}{Play Sessions}{}% 24
